  Determining projects to restore...
  All projects are up-to-date for restore.
  fitlife-planner-back-end -> /Users/chessy/CodeSpace/fitlife-planner/back-end/fitlife-planner-back-end/bin/Debug/net8.0/fitlife-planner-back-end.dll
/Users/chessy/CodeSpace/fitlife-planner/back-end/fitlife-planner-back-end.Tests/Controllers/AccountControllerTests.cs(65,39): error CS1061: 'object' does not contain a definition for 'Token' and no accessible extension method 'Token' accepting a first argument of type 'object' could be found (are you missing a using directive or an assembly reference?) [/Users/chessy/CodeSpace/fitlife-planner/back-end/fitlife-planner-back-end.Tests/fitlife-planner-back-end.Tests.csproj]
/Users/chessy/CodeSpace/fitlife-planner/back-end/fitlife-planner-back-end.Tests/Controllers/AccountControllerTests.cs(65,21): warning CS8602: Dereference of a possibly null reference. [/Users/chessy/CodeSpace/fitlife-planner/back-end/fitlife-planner-back-end.Tests/fitlife-planner-back-end.Tests.csproj]
/Users/chessy/CodeSpace/fitlife-planner/back-end/fitlife-planner-back-end.Tests/Controllers/ProfileControllerTests.cs(45,39): error CS1061: 'object' does not contain a definition for 'Token' and no accessible extension method 'Token' accepting a first argument of type 'object' could be found (are you missing a using directive or an assembly reference?) [/Users/chessy/CodeSpace/fitlife-planner/back-end/fitlife-planner-back-end.Tests/fitlife-planner-back-end.Tests.csproj]
/Users/chessy/CodeSpace/fitlife-planner/back-end/fitlife-planner-back-end.Tests/Controllers/ProfileControllerTests.cs(49,40): error CS1729: 'CreateProfileRequestDTO' does not contain a constructor that takes 6 arguments [/Users/chessy/CodeSpace/fitlife-planner/back-end/fitlife-planner-back-end.Tests/fitlife-planner-back-end.Tests.csproj]
/Users/chessy/CodeSpace/fitlife-planner/back-end/fitlife-planner-back-end.Tests/Controllers/ProfileControllerTests.cs(54,44): error CS1061: 'object' does not contain a definition for 'Id' and no accessible extension method 'Id' accepting a first argument of type 'object' could be found (are you missing a using directive or an assembly reference?) [/Users/chessy/CodeSpace/fitlife-planner/back-end/fitlife-planner-back-end.Tests/fitlife-planner-back-end.Tests.csproj]
/Users/chessy/CodeSpace/fitlife-planner/back-end/fitlife-planner-back-end.Tests/Controllers/ProfileControllerTests.cs(60,25): error CS1061: 'object' does not contain a definition for 'DisplayName' and no accessible extension method 'DisplayName' accepting a first argument of type 'object' could be found (are you missing a using directive or an assembly reference?) [/Users/chessy/CodeSpace/fitlife-planner/back-end/fitlife-planner-back-end.Tests/fitlife-planner-back-end.Tests.csproj]
/Users/chessy/CodeSpace/fitlife-planner/back-end/fitlife-planner-back-end.Tests/Controllers/ProfileControllerTests.cs(70,26): error CS1061: 'object' does not contain a definition for 'DisplayName' and no accessible extension method 'DisplayName' accepting a first argument of type 'object' could be found (are you missing a using directive or an assembly reference?) [/Users/chessy/CodeSpace/fitlife-planner/back-end/fitlife-planner-back-end.Tests/fitlife-planner-back-end.Tests.csproj]
/Users/chessy/CodeSpace/fitlife-planner/back-end/fitlife-planner-back-end.Tests/Controllers/ProfileControllerTests.cs(45,21): warning CS8602: Dereference of a possibly null reference. [/Users/chessy/CodeSpace/fitlife-planner/back-end/fitlife-planner-back-end.Tests/fitlife-planner-back-end.Tests.csproj]
/Users/chessy/CodeSpace/fitlife-planner/back-end/fitlife-planner-back-end.Tests/Controllers/ProfileControllerTests.cs(54,25): warning CS8602: Dereference of a possibly null reference. [/Users/chessy/CodeSpace/fitlife-planner/back-end/fitlife-planner-back-end.Tests/fitlife-planner-back-end.Tests.csproj]
/Users/chessy/CodeSpace/fitlife-planner/back-end/fitlife-planner-back-end.Tests/Controllers/ProfileControllerTests.cs(60,9): warning CS8602: Dereference of a possibly null reference. [/Users/chessy/CodeSpace/fitlife-planner/back-end/fitlife-planner-back-end.Tests/fitlife-planner-back-end.Tests.csproj]
/Users/chessy/CodeSpace/fitlife-planner/back-end/fitlife-planner-back-end.Tests/Controllers/ProfileControllerTests.cs(70,9): warning CS8602: Dereference of a possibly null reference. [/Users/chessy/CodeSpace/fitlife-planner/back-end/fitlife-planner-back-end.Tests/fitlife-planner-back-end.Tests.csproj]

Build FAILED.

/Users/chessy/CodeSpace/fitlife-planner/back-end/fitlife-planner-back-end.Tests/Controllers/AccountControllerTests.cs(65,21): warning CS8602: Dereference of a possibly null reference. [/Users/chessy/CodeSpace/fitlife-planner/back-end/fitlife-planner-back-end.Tests/fitlife-planner-back-end.Tests.csproj]
/Users/chessy/CodeSpace/fitlife-planner/back-end/fitlife-planner-back-end.Tests/Controllers/ProfileControllerTests.cs(45,21): warning CS8602: Dereference of a possibly null reference. [/Users/chessy/CodeSpace/fitlife-planner/back-end/fitlife-planner-back-end.Tests/fitlife-planner-back-end.Tests.csproj]
/Users/chessy/CodeSpace/fitlife-planner/back-end/fitlife-planner-back-end.Tests/Controllers/ProfileControllerTests.cs(54,25): warning CS8602: Dereference of a possibly null reference. [/Users/chessy/CodeSpace/fitlife-planner/back-end/fitlife-planner-back-end.Tests/fitlife-planner-back-end.Tests.csproj]
/Users/chessy/CodeSpace/fitlife-planner/back-end/fitlife-planner-back-end.Tests/Controllers/ProfileControllerTests.cs(60,9): warning CS8602: Dereference of a possibly null reference. [/Users/chessy/CodeSpace/fitlife-planner/back-end/fitlife-planner-back-end.Tests/fitlife-planner-back-end.Tests.csproj]
/Users/chessy/CodeSpace/fitlife-planner/back-end/fitlife-planner-back-end.Tests/Controllers/ProfileControllerTests.cs(70,9): warning CS8602: Dereference of a possibly null reference. [/Users/chessy/CodeSpace/fitlife-planner/back-end/fitlife-planner-back-end.Tests/fitlife-planner-back-end.Tests.csproj]
/Users/chessy/CodeSpace/fitlife-planner/back-end/fitlife-planner-back-end.Tests/Controllers/AccountControllerTests.cs(65,39): error CS1061: 'object' does not contain a definition for 'Token' and no accessible extension method 'Token' accepting a first argument of type 'object' could be found (are you missing a using directive or an assembly reference?) [/Users/chessy/CodeSpace/fitlife-planner/back-end/fitlife-planner-back-end.Tests/fitlife-planner-back-end.Tests.csproj]
/Users/chessy/CodeSpace/fitlife-planner/back-end/fitlife-planner-back-end.Tests/Controllers/ProfileControllerTests.cs(45,39): error CS1061: 'object' does not contain a definition for 'Token' and no accessible extension method 'Token' accepting a first argument of type 'object' could be found (are you missing a using directive or an assembly reference?) [/Users/chessy/CodeSpace/fitlife-planner/back-end/fitlife-planner-back-end.Tests/fitlife-planner-back-end.Tests.csproj]
/Users/chessy/CodeSpace/fitlife-planner/back-end/fitlife-planner-back-end.Tests/Controllers/ProfileControllerTests.cs(49,40): error CS1729: 'CreateProfileRequestDTO' does not contain a constructor that takes 6 arguments [/Users/chessy/CodeSpace/fitlife-planner/back-end/fitlife-planner-back-end.Tests/fitlife-planner-back-end.Tests.csproj]
/Users/chessy/CodeSpace/fitlife-planner/back-end/fitlife-planner-back-end.Tests/Controllers/ProfileControllerTests.cs(54,44): error CS1061: 'object' does not contain a definition for 'Id' and no accessible extension method 'Id' accepting a first argument of type 'object' could be found (are you missing a using directive or an assembly reference?) [/Users/chessy/CodeSpace/fitlife-planner/back-end/fitlife-planner-back-end.Tests/fitlife-planner-back-end.Tests.csproj]
/Users/chessy/CodeSpace/fitlife-planner/back-end/fitlife-planner-back-end.Tests/Controllers/ProfileControllerTests.cs(60,25): error CS1061: 'object' does not contain a definition for 'DisplayName' and no accessible extension method 'DisplayName' accepting a first argument of type 'object' could be found (are you missing a using directive or an assembly reference?) [/Users/chessy/CodeSpace/fitlife-planner/back-end/fitlife-planner-back-end.Tests/fitlife-planner-back-end.Tests.csproj]
/Users/chessy/CodeSpace/fitlife-planner/back-end/fitlife-planner-back-end.Tests/Controllers/ProfileControllerTests.cs(70,26): error CS1061: 'object' does not contain a definition for 'DisplayName' and no accessible extension method 'DisplayName' accepting a first argument of type 'object' could be found (are you missing a using directive or an assembly reference?) [/Users/chessy/CodeSpace/fitlife-planner/back-end/fitlife-planner-back-end.Tests/fitlife-planner-back-end.Tests.csproj]
    5 Warning(s)
    6 Error(s)

Time Elapsed 00:00:01.82
